<?xml version="1.0" encoding="UTF-8"?>
<!-- Generated by org.testng.reporters.JUnitReportReporter -->
<testsuite hostname="ANANDASBEASTLAPTOP" name="api.Tests.Store_module_testCases" tests="1" failures="0" timestamp="13 Aug 2023 09:14:45 GMT" time="4.013" errors="0">
  <testcase name="get" time="4.013" classname="api.Tests.Store_module_testCases"/>
</testsuite> <!-- api.Tests.Store_module_testCases -->
