<?xml version="1.0" encoding="UTF-8"?>
<!-- Generated by org.testng.reporters.JUnitReportReporter -->
<testsuite hostname="ANANDASBEASTLAPTOP" name="Automation_practicing.TestNgPRacticing" tests="2" failures="0" timestamp="30 May 2023 03:22:56 GMT" time="0.005" errors="0">
  <testcase name="this_is_test1" time="0.001" classname="Automation_practicing.TestNgPRacticing"/>
  <testcase name="this_is_test" time="0.004" classname="Automation_practicing.TestNgPRacticing"/>
</testsuite> <!-- Automation_practicing.TestNgPRacticing -->
