<?xml version="1.0" encoding="UTF-8"?>
<!-- Generated by org.testng.reporters.JUnitReportReporter -->
<testsuite hostname="ANANDASBEASTLAPTOP" name="api.Tests.Store_module_testCases" tests="1" failures="0" timestamp="17 May 2023 03:14:53 GMT" time="3.057" errors="0">
  <testcase name="get_postmethod" time="3.057" classname="api.Tests.Store_module_testCases"/>
</testsuite> <!-- api.Tests.Store_module_testCases -->
