<?xml version="1.0" encoding="UTF-8"?>
<!-- Generated by org.testng.reporters.JUnitReportReporter -->
<testsuite hostname="ANANDASBEASTLAPTOP" name="api.Tests.Store_module_testCases" tests="1" failures="0" timestamp="12 Aug 2023 10:43:45 GMT" time="2.843" errors="0">
  <testcase name="get" time="2.843" classname="api.Tests.Store_module_testCases"/>
</testsuite> <!-- api.Tests.Store_module_testCases -->
